
2024-06-25 16:14:58,053 - INFO - Starting the application
2024-06-25 16:15:03,862 - INFO - Folder selected
2024-06-25 16:15:06,381 - INFO - Files processed successfully
2024-06-25 16:15:15,949 - INFO - Data saved successfully
2024-06-25 16:15:20,412 - INFO - Opened file C:/Users/Nicolas/Downloads/test/eee.xlsx successfully
2024-06-25 16:15:26,800 - INFO - Folder selected
2024-06-25 16:15:30,248 - INFO - Files processed successfully
2024-06-25 16:15:35,016 - INFO - Data saved successfully
2024-06-25 16:15:40,865 - INFO - Opened file D:/Relance_RH/new.xlsx successfully
2024-06-25 16:20:56,916 - INFO - Starting the application
2024-06-25 16:21:00,191 - INFO - Folder selected
2024-06-25 16:21:03,050 - INFO - Files processed successfully
2024-06-25 16:23:58,104 - INFO - Starting the application
2024-06-25 16:24:04,566 - INFO - Folder selected
2024-06-25 16:24:08,159 - INFO - Files processed successfully
2024-06-25 16:31:24,820 - WARNING - === Starting the application
2024-06-25 16:31:31,612 - INFO - Folder selected
2024-06-25 16:31:36,612 - INFO - Files processed successfully
2024-06-25 16:31:54,174 - INFO - Data saved successfully
2024-06-25 16:31:58,156 - INFO - Opened file D:/Relance_RH/ok.xlsx successfully
2024-06-25 16:32:07,613 - INFO - Folder selected
2024-06-25 16:32:09,884 - INFO - Files processed successfully
2024-06-27 13:16:09,241 - WARNING - === Starting the application
2024-06-27 13:16:16,969 - INFO - Folder selected
2024-06-27 13:16:22,108 - INFO - Files processed successfully
2024-06-27 13:16:29,122 - INFO - Data saved successfully
2024-06-27 13:16:34,293 - INFO - Opened file D:/Relance_RH/tk.xlsx successfully
2024-06-27 13:16:52,193 - ERROR - No folder selected
2024-06-27 13:17:29,543 - WARNING - === Starting the application
2024-06-27 13:17:34,589 - INFO - Folder selected
2024-06-27 13:17:37,754 - INFO - Files processed successfully
2024-06-27 13:17:48,077 - INFO - Data saved successfully
2024-06-27 13:17:51,451 - INFO - Opened file D:/Relance_RH/2020/rh20.xlsx successfully
2024-06-27 13:18:02,001 - INFO - Folder selected
2024-06-27 13:18:04,644 - INFO - Files processed successfully
2024-06-27 15:17:08,430 - WARNING - === Starting the application
2024-06-27 15:17:17,695 - INFO - Folder selected
2024-06-27 15:17:22,359 - INFO - Files processed successfully
2024-06-27 15:17:27,351 - INFO - Data saved successfully
2024-06-27 15:17:33,357 - INFO - Opened file D:/Relance_RH/2020/zzz.xlsx successfully
2024-06-27 15:18:37,090 - WARNING - === Starting the application
2024-06-27 15:18:44,938 - INFO - Folder selected
2024-06-27 15:19:21,594 - INFO - Files processed successfully
