
2024-07-11 17:41:43,482 - WARNING - === Starting the application
2024-07-11 17:41:48,490 - INFO - Folder selected
2024-07-11 17:41:52,243 - INFO - Files processed successfully
2024-07-11 17:41:56,872 - INFO - Data saved successfully
2024-07-11 17:42:00,373 - INFO - Opened file D:/Relance_RH/relance-07-24.xlsx successfully
2024-07-11 17:43:50,822 - WARNING - === Starting the application
2024-07-11 18:12:08,854 - WARNING - === Starting the application
2024-07-11 18:12:14,399 - INFO - Folder selected
2024-07-11 18:13:28,151 - WARNING - === Starting the application
2024-07-11 18:13:33,338 - WARNING - === Starting the application
2024-07-11 18:13:37,514 - INFO - Folder selected
2024-07-11 18:13:41,520 - INFO - Files processed successfully
2024-07-11 18:13:44,947 - INFO - Data saved successfully
2024-07-11 18:13:46,816 - INFO - Opened file D:/Relance_RH/relance-07-24.xlsx successfully
2024-07-11 18:15:31,016 - WARNING - === Starting the application
2024-07-11 18:15:34,760 - INFO - Folder selected
2024-07-11 18:15:35,839 - ERROR - Error permision 
2024-07-11 18:18:13,973 - WARNING - === Starting the application
2024-07-11 18:18:19,401 - INFO - Folder selected
2024-07-11 18:18:22,335 - INFO - Files processed successfully
2024-07-11 18:18:25,533 - INFO - Data saved successfully
2024-07-11 18:18:28,043 - INFO - Opened file C:/Users/Nicolas/PycharmProjects/relance-07-24.xlsx successfully
2024-07-12 09:12:26,811 - WARNING - === Starting the application
2024-07-12 09:12:31,177 - WARNING - === Starting the application
2024-07-12 09:12:37,458 - INFO - Folder selected
2024-07-12 09:15:18,755 - WARNING - === Starting the application
2024-07-12 09:15:24,474 - INFO - Folder selected
2024-07-12 09:25:34,773 - WARNING - === Starting the application
2024-07-12 09:25:40,592 - INFO - Folder selected
2024-07-12 09:27:11,759 - WARNING - === Starting the application
2024-07-12 09:27:16,043 - INFO - Folder selected
2024-07-12 09:29:26,591 - INFO - Files processed successfully
2024-07-12 09:29:30,003 - INFO - Data saved successfully
2024-07-12 09:29:32,479 - INFO - Opened file D:/Relance_RH/relance-07-24.xlsx successfully
2024-07-12 09:32:19,665 - WARNING - === Starting the application
2024-07-12 09:32:25,816 - INFO - Folder selected
2024-07-12 09:37:22,986 - WARNING - === Starting the application
2024-07-12 09:37:31,938 - WARNING - === Starting the application
2024-07-12 09:37:37,608 - INFO - Folder selected
2024-07-12 09:37:37,716 - ERROR - File format is not correct: D:/Relance_RH\relance-07-24.xlsx
2024-07-12 09:39:46,156 - INFO - Files processed successfully
2024-07-12 09:42:08,199 - WARNING - === Starting the application
2024-07-12 09:42:12,471 - INFO - Folder selected
2024-07-12 09:42:12,575 - ERROR - File format is not correct: D:/Relance_RH\relance-07-24.xlsx
2024-07-12 09:42:54,128 - WARNING - === Starting the application
2024-07-12 09:42:57,656 - INFO - Folder selected
2024-07-12 09:42:57,777 - ERROR - File format is not correct: D:/Relance_RH\relance-07-24.xlsx
2024-07-12 09:44:23,525 - WARNING - === Starting the application
2024-07-12 09:44:28,074 - INFO - Folder selected
2024-07-12 09:44:28,146 - ERROR - File format is not correct: D:/Relance_RH\relance-07-24.xlsx
2024-07-12 09:45:39,885 - WARNING - === Starting the application
2024-07-12 09:45:44,161 - INFO - Folder selected
2024-07-12 09:45:44,245 - ERROR - File format is not correct: D:/Relance_RH\relance-07-24.xlsx
2024-07-12 09:46:38,957 - WARNING - === Starting the application
2024-07-12 09:46:43,564 - INFO - Folder selected
2024-07-12 09:46:43,631 - ERROR - File format is not correct: D:/Relance_RH\relance-07-24.xlsx
2024-07-12 09:47:18,383 - WARNING - === Starting the application
2024-07-12 09:47:22,857 - INFO - Folder selected
2024-07-12 09:47:22,948 - ERROR - File format is not correct: D:/Relance_RH\relance-07-24.xlsx
2024-07-12 09:48:07,894 - WARNING - === Starting the application
2024-07-12 09:48:18,604 - WARNING - === Starting the application
2024-07-12 09:48:22,352 - INFO - Folder selected
2024-07-12 09:48:22,434 - ERROR - File format is not correct: D:/Relance_RH\relance-07-24.xlsx
2024-07-12 09:52:24,368 - WARNING - === Starting the application
2024-07-12 09:52:32,114 - INFO - Folder selected
2024-07-12 09:52:32,182 - ERROR - File format is not correct: D:/Relance_RH\relance-07-24.xlsx
2024-07-12 09:54:11,232 - WARNING - === Starting the application
2024-07-12 09:54:15,028 - INFO - Folder selected
2024-07-12 09:54:15,183 - ERROR - File format is not correct: D:/Relance_RH\relance-07-24.xlsx
2024-07-12 09:54:50,098 - WARNING - === Starting the application
2024-07-12 09:54:54,092 - INFO - Folder selected
2024-07-12 09:54:54,196 - ERROR - File format is not correct: D:/Relance_RH\relance-07-24.xlsx
2024-07-12 09:54:57,166 - ERROR - Error while processing file D:/Relance_RH\Ressource\31 - sourcing\2023\ABOUFARASSE Badr - Data scientist - analyst\fiche d'entretien Badr ABOUFARASSE.xlsx: string indices must be integers, not 'str'
2024-07-12 09:54:57,964 - ERROR - Error while processing file D:/Relance_RH\Ressource\31 - sourcing\2020\RANARISON Manjato Nick - dev fullstack react js angular node js\Fiche d'entretien_Ranarison Manjato Nick.xlsx: string indices must be integers, not 'str'
2024-07-12 09:54:59,113 - ERROR - Error while processing file D:/Relance_RH\Ressource\31 - sourcing\2020\PONAMA Prisca - analyste financiere junior\XXX - fiche d_entretien Prisca.xlsx: string indices must be integers, not 'str'
2024-07-12 09:55:02,738 - ERROR - Error while processing file D:/Relance_RH\Ressource\31 - sourcing\2023\AGBODAN Dédé Edwige - data analyst\XXX - fiche d_entretien Dédé Edwige.xlsx: string indices must be integers, not 'str'
2024-07-12 09:56:14,951 - WARNING - === Starting the application
2024-07-12 09:56:18,454 - INFO - Folder selected
2024-07-12 09:56:18,548 - ERROR - File format is not correct: D:/Relance_RH\relance-07-24.xlsx
2024-07-12 09:56:19,157 - ERROR - Error while processing file D:/Relance_RH\Ressource\31 - sourcing\2020\PONAMA Prisca - analyste financiere junior\XXX - fiche d_entretien Prisca.xlsx: 'dict' object has no attribute 'lower'
2024-07-12 09:56:19,220 - ERROR - Error while processing file D:/Relance_RH\Ressource\31 - sourcing\2023\ABOUFARASSE Badr - Data scientist - analyst\fiche d'entretien Badr ABOUFARASSE.xlsx: 'dict' object has no attribute 'lower'
2024-07-12 09:56:19,267 - ERROR - Error while processing file D:/Relance_RH\Ressource\31 - sourcing\2020\RANARISON Manjato Nick - dev fullstack react js angular node js\Fiche d'entretien_Ranarison Manjato Nick.xlsx: 'dict' object has no attribute 'lower'
2024-07-12 09:56:19,314 - ERROR - Error while processing file D:/Relance_RH\Ressource\31 - sourcing\2020\RADAOUI Anis - tech support helpdesk\XXX - fiche d_entretien anis.xlsx: 'dict' object has no attribute 'lower'
2024-07-12 09:56:19,418 - ERROR - Error while processing file D:/Relance_RH\Ressource\31 - sourcing\2020\RANARISON Manjato Nick - dev fullstack react js angular node js\Fiche d'entretien_Ranarison Manjato Nick (SFConflict laurent.gorsse@aprime.fr 2023-08-03-09-41-20).xlsx: 'dict' object has no attribute 'lower'
2024-07-12 09:56:19,481 - ERROR - Error while processing file D:/Relance_RH\Ressource\31 - sourcing\2023\ABRASSART Tomy - CDP cloud technico fonctionnel\XXX - fiche d_entretien Tomy.xlsx: 'dict' object has no attribute 'lower'
2024-07-12 09:56:19,543 - ERROR - Error while processing file D:/Relance_RH\Ressource\31 - sourcing\2023\AGBODAN Dédé Edwige - data analyst\XXX - fiche d_entretien Dédé Edwige.xlsx: 'dict' object has no attribute 'lower'
2024-07-12 09:56:19,606 - ERROR - Error while processing file D:/Relance_RH\Ressource\31 - sourcing\2024\PHAN Trung Thanh - Devops\XXX - fiche d_entretien Trung Thanh.xlsx: 'dict' object has no attribute 'lower'
2024-07-12 09:56:19,684 - ERROR - Error while processing file D:/Relance_RH\Ressource\31 - sourcing\2024\POMAR Denis - Chef de projet\fiche d_entretien POMAR Denis.xlsx: 'dict' object has no attribute 'lower'
2024-07-12 09:56:19,747 - ERROR - Error while processing file D:/Relance_RH\Ressource\31 - sourcing\2024\SARR Diamé - dev vuejs\Fiche d'entretien_ Sarr Diamé.xlsx: 'dict' object has no attribute 'lower'
2024-07-12 09:56:19,793 - ERROR - Error while processing file D:/Relance_RH\Ressource\31 - sourcing\2024\SATTARI Adel - dev .net\Fiche d'entretien_SATTARI ADel.xlsx: 'dict' object has no attribute 'lower'
2024-07-12 09:56:21,254 - ERROR - No files found in the selected folder
2024-07-12 09:56:43,640 - WARNING - === Starting the application
2024-07-12 09:56:47,759 - INFO - Folder selected
2024-07-12 09:56:47,869 - ERROR - File format is not correct: D:/Relance_RH\relance-07-24.xlsx
2024-07-12 10:03:10,422 - WARNING - === Starting the application
2024-07-12 10:03:13,974 - INFO - Folder selected
2024-07-12 10:03:14,071 - ERROR - File format is not correct: D:/Relance_RH\relance-07-24.xlsx
2024-07-12 10:04:57,770 - WARNING - === Starting the application
2024-07-12 10:05:01,911 - INFO - Folder selected
2024-07-12 10:05:01,984 - ERROR - File format is not correct: D:/Relance_RH\relance-07-24.xlsx
2024-07-12 10:09:38,035 - WARNING - === Starting the application
2024-07-12 10:09:41,677 - INFO - Folder selected
2024-07-12 10:09:41,809 - ERROR - File format is not correct: D:/Relance_RH\relance-07-24.xlsx
2024-07-12 10:09:44,857 - INFO - Files processed successfully
2024-07-12 10:09:49,211 - INFO - Data saved successfully
2024-07-12 10:09:55,273 - INFO - Opened file D:/Relance_RH/relance-07-24.xlsx successfully
2024-07-12 10:13:57,197 - WARNING - === Starting the application
2024-07-12 10:14:01,789 - INFO - Folder selected
2024-07-12 10:14:01,897 - ERROR - File is open: D:/Relance_RH\relance-07-24.xlsx
2024-07-12 10:14:01,897 - ERROR - File format is not correct: D:/Relance_RH\relance-07-24.xlsx
2024-07-12 10:14:02,876 - ERROR - Check_file = Error permission - file is open or in use
2024-07-12 10:14:05,499 - INFO - Files processed successfully
2024-07-12 10:14:09,304 - INFO - Data saved successfully
2024-07-12 10:14:11,301 - INFO - Opened file D:/Relance_RH/relance-07-24.xlsx successfully
2024-07-12 10:17:14,046 - WARNING - === Starting the application
2024-07-12 10:17:18,412 - INFO - Folder selected
2024-07-12 10:17:18,546 - ERROR - File format is not correct: D:/Relance_RH\relance-07-24.xlsx
2024-07-12 10:17:18,639 - ERROR - File is open: D:/Relance_RH\Ressource\31 - sourcing\2020\PONAMA Prisca - analyste financiere junior\XXX - fiche d_entretien Prisca.xlsx
2024-07-12 10:17:18,808 - ERROR - File is open: D:/Relance_RH\Ressource\31 - sourcing\2023\ABOUFARASSE Badr - Data scientist - analyst\fiche d'entretien Badr ABOUFARASSE.xlsx
2024-07-12 10:17:19,489 - ERROR - Check_file = Error permission - file is open or in use
2024-07-12 10:17:19,519 - ERROR - Check_file = Error permission - file is open or in use
2024-07-12 10:25:21,290 - WARNING - === Starting the application
2024-07-12 10:26:50,230 - WARNING - === Starting the application
2024-07-12 10:26:55,458 - INFO - Folder selected
2024-07-12 10:26:55,526 - ERROR - File format is not correct: D:/Relance_RH\relance-07-24.xlsx
2024-07-12 10:26:55,780 - ERROR - File is open: D:/Relance_RH\Ressource\31 - sourcing\2023\ABOUFARASSE Badr - Data scientist - analyst\fiche d'entretien Badr ABOUFARASSE.xlsx
2024-07-12 10:26:56,591 - ERROR - Check_file = Error permission - file is open or in use
2024-07-12 10:26:56,656 - ERROR - Error while processing file D:/Relance_RH\Ressource\31 - sourcing\2020\RADAOUI Anis - tech support helpdesk\XXX - fiche d_entretien anis.xlsx: string indices must be integers, not 'str'
2024-07-12 10:26:56,715 - ERROR - Error while processing file D:/Relance_RH\Ressource\31 - sourcing\2020\PONAMA Prisca - analyste financiere junior\XXX - fiche d_entretien Prisca.xlsx: string indices must be integers, not 'str'
2024-07-12 10:26:56,769 - ERROR - Error while processing file D:/Relance_RH\Ressource\31 - sourcing\2020\RANARISON Manjato Nick - dev fullstack react js angular node js\Fiche d'entretien_Ranarison Manjato Nick (SFConflict laurent.gorsse@aprime.fr 2023-08-03-09-41-20).xlsx: string indices must be integers, not 'str'
2024-07-12 10:26:56,823 - ERROR - Error while processing file D:/Relance_RH\Ressource\31 - sourcing\2020\RANARISON Manjato Nick - dev fullstack react js angular node js\Fiche d'entretien_Ranarison Manjato Nick.xlsx: string indices must be integers, not 'str'
2024-07-12 10:26:56,876 - ERROR - Error while processing file D:/Relance_RH\Ressource\31 - sourcing\2023\AGBODAN Dédé Edwige - data analyst\XXX - fiche d_entretien Dédé Edwige.xlsx: string indices must be integers, not 'str'
2024-07-12 10:26:56,928 - ERROR - Error while processing file D:/Relance_RH\Ressource\31 - sourcing\2023\ABRASSART Tomy - CDP cloud technico fonctionnel\XXX - fiche d_entretien Tomy.xlsx: string indices must be integers, not 'str'
2024-07-12 10:26:56,983 - ERROR - Error while processing file D:/Relance_RH\Ressource\31 - sourcing\2024\SARR Diamé - dev vuejs\Fiche d'entretien_ Sarr Diamé.xlsx: string indices must be integers, not 'str'
2024-07-12 10:26:57,036 - ERROR - Error while processing file D:/Relance_RH\Ressource\31 - sourcing\2024\POMAR Denis - Chef de projet\fiche d_entretien POMAR Denis.xlsx: string indices must be integers, not 'str'
2024-07-12 10:26:57,091 - ERROR - Error while processing file D:/Relance_RH\Ressource\31 - sourcing\2024\PHAN Trung Thanh - Devops\XXX - fiche d_entretien Trung Thanh.xlsx: string indices must be integers, not 'str'
2024-07-12 10:26:57,114 - ERROR - Error while processing file D:/Relance_RH\Ressource\31 - sourcing\2024\SATTARI Adel - dev .net\Fiche d'entretien_SATTARI ADel.xlsx: string indices must be integers, not 'str'
2024-07-12 10:26:58,617 - ERROR - No files found in the selected folder
2024-07-12 10:27:22,257 - WARNING - === Starting the application
2024-07-12 10:27:26,052 - INFO - Folder selected
2024-07-12 10:27:26,130 - ERROR - File format is not correct: D:/Relance_RH\relance-07-24.xlsx
2024-07-12 10:27:26,397 - ERROR - File is open: D:/Relance_RH\Ressource\31 - sourcing\2023\ABOUFARASSE Badr - Data scientist - analyst\fiche d'entretien Badr ABOUFARASSE.xlsx
2024-07-12 10:27:27,198 - ERROR - Check_file = Error permission - file is open or in use
2024-07-12 10:27:27,313 - ERROR - Error while processing file D:/Relance_RH\Ressource\31 - sourcing\2020\PONAMA Prisca - analyste financiere junior\XXX - fiche d_entretien Prisca.xlsx: cannot access local variable 'direction' where it is not associated with a value
2024-07-12 10:27:27,515 - ERROR - Error while processing file D:/Relance_RH\Ressource\31 - sourcing\2023\ABRASSART Tomy - CDP cloud technico fonctionnel\XXX - fiche d_entretien Tomy.xlsx: cannot access local variable 'direction' where it is not associated with a value
2024-07-12 10:27:29,825 - INFO - Files processed successfully
2024-07-12 10:27:32,832 - INFO - Data saved successfully
2024-07-12 10:27:34,596 - INFO - Opened file D:/Relance_RH/relance-07-24.xlsx successfully
2024-07-12 10:28:20,910 - WARNING - === Starting the application
2024-07-12 10:28:25,092 - INFO - Folder selected
2024-07-12 10:28:25,235 - ERROR - File is open: D:/Relance_RH\relance-07-24.xlsx
2024-07-12 10:28:25,251 - ERROR - File format is not correct: D:/Relance_RH\relance-07-24.xlsx
2024-07-12 10:28:25,563 - ERROR - File is open: D:/Relance_RH\Ressource\31 - sourcing\2023\ABOUFARASSE Badr - Data scientist - analyst\fiche d'entretien Badr ABOUFARASSE.xlsx
2024-07-12 10:28:26,179 - ERROR - Check_file = Error permission - file is open or in use
2024-07-12 10:28:26,192 - ERROR - Check_file = Error permission - file is open or in use
2024-07-12 10:29:03,550 - ERROR - Error while processing file D:/Relance_RH\Ressource\31 - sourcing\2020\PONAMA Prisca - analyste financiere junior\XXX - fiche d_entretien Prisca.xlsx: cannot access local variable 'direction' where it is not associated with a value
2024-07-12 10:33:13,035 - WARNING - === Starting the application
2024-07-12 10:33:18,646 - INFO - Folder selected
2024-07-12 10:33:18,705 - ERROR - File format is not correct: D:/Relance_RH\relance-07-24.xlsx
2024-07-12 10:33:22,070 - INFO - Files processed successfully
2024-07-12 10:33:25,145 - INFO - Data saved successfully
2024-07-12 10:33:26,877 - INFO - Opened file D:/Relance_RH/relance-07-24.xlsx successfully
2024-07-12 10:34:25,970 - WARNING - === Starting the application
2024-07-12 10:35:00,278 - WARNING - === Starting the application
2024-07-12 10:35:06,755 - INFO - Folder selected
2024-07-12 10:35:06,821 - ERROR - File format is not correct: D:/Relance_RH\relance-07-24.xlsx
2024-07-12 10:35:10,074 - INFO - Files processed successfully
2024-07-12 10:35:13,724 - INFO - Data saved successfully
2024-07-12 10:35:15,722 - INFO - Opened file D:/Relance_RH/relance-07-24.xlsx successfully
2024-07-12 10:35:58,612 - WARNING - === Starting the application
2024-07-12 10:36:04,568 - INFO - Folder selected
2024-07-12 10:36:04,649 - ERROR - File is open: D:/Relance_RH\relance-07-24.xlsx
2024-07-12 10:36:04,649 - ERROR - File format is not correct: D:/Relance_RH\relance-07-24.xlsx
2024-07-12 10:36:05,642 - ERROR - Check_file = Error permission - file is open or in use
2024-07-12 10:36:08,258 - INFO - Files processed successfully
2024-07-12 10:36:17,192 - INFO - Data saved successfully
2024-07-12 10:36:18,634 - INFO - Opened file D:/Relance_RH/arelance-07-24.xlsx successfully
2024-07-12 10:36:49,958 - INFO - Folder selected
2024-07-12 10:36:49,975 - ERROR - File is open: D:/Relance_RH\relance-07-24.xlsx
2024-07-12 10:36:49,975 - ERROR - File format is not correct: D:/Relance_RH\relance-07-24.xlsx
2024-07-12 10:36:49,979 - ERROR - File is open: D:/Relance_RH\arelance-07-24.xlsx
2024-07-12 10:36:49,979 - ERROR - File format is not correct: D:/Relance_RH\arelance-07-24.xlsx
2024-07-12 10:36:50,968 - ERROR - Check_file = Error permission - file is open or in use
2024-07-12 10:36:50,968 - ERROR - Check_file = Error permission - file is open or in use
2024-07-12 10:36:53,699 - INFO - Files processed successfully
2024-07-12 10:36:58,830 - INFO - Data saved successfully
2024-07-12 10:37:00,629 - INFO - Opened file D:/Relance_RH/Brelance-07-24.xlsx successfully
2024-07-12 10:37:16,539 - WARNING - === Starting the application
2024-07-12 10:37:20,302 - INFO - Folder selected
2024-07-12 10:37:20,378 - ERROR - File is open: D:/Relance_RH\relance-07-24.xlsx
2024-07-12 10:37:20,378 - ERROR - File format is not correct: D:/Relance_RH\relance-07-24.xlsx
2024-07-12 10:37:20,382 - ERROR - File is open: D:/Relance_RH\arelance-07-24.xlsx
2024-07-12 10:37:20,382 - ERROR - File format is not correct: D:/Relance_RH\arelance-07-24.xlsx
2024-07-12 10:37:20,385 - ERROR - File format is not correct: D:/Relance_RH\Brelance-07-24.xlsx
2024-07-12 10:37:21,370 - ERROR - Check_file = Error permission - file is open or in use
2024-07-12 10:37:21,371 - ERROR - Check_file = Error permission - file is open or in use
2024-07-12 10:37:24,234 - INFO - Files processed successfully
2024-07-12 10:37:58,130 - INFO - Folder selected
2024-07-12 10:37:58,147 - ERROR - File format is not correct: D:/Relance_RH\Brelance-07-24.xlsx
2024-07-12 10:37:58,151 - ERROR - File is open: D:/Relance_RH\arelance-07-24.xlsx
2024-07-12 10:37:58,151 - ERROR - File format is not correct: D:/Relance_RH\arelance-07-24.xlsx
2024-07-12 10:37:58,153 - ERROR - File is open: D:/Relance_RH\relance-07-24.xlsx
2024-07-12 10:37:58,153 - ERROR - File format is not correct: D:/Relance_RH\relance-07-24.xlsx
2024-07-12 10:37:59,139 - ERROR - Check_file = Error permission - file is open or in use
2024-07-12 10:37:59,139 - ERROR - Check_file = Error permission - file is open or in use
2024-07-12 10:38:01,935 - INFO - Files processed successfully
2024-07-12 10:38:06,427 - INFO - Data saved successfully
2024-07-12 10:38:08,504 - INFO - Opened file D:/Relance_RH/Crelance-07-24.xlsx successfully
2024-07-12 11:08:20,825 - WARNING - === Starting the application
2024-07-12 11:08:27,289 - INFO - Folder selected
2024-07-12 11:08:27,383 - ERROR - Erreur lors du traitement du fichier D:/$RECYCLE.BIN\S-1-5-21-3408200407-3560622608-3957178898-1002\$I22E9LD.xlsx: File is not a zip file
2024-07-12 11:08:27,398 - ERROR - Erreur lors du traitement du fichier D:/$RECYCLE.BIN\S-1-5-21-3408200407-3560622608-3957178898-1002\$IC0XE60.xlsx: File is not a zip file
2024-07-12 11:08:27,398 - ERROR - Erreur lors du traitement du fichier D:/$RECYCLE.BIN\S-1-5-21-3408200407-3560622608-3957178898-1002\$ISU71EH.xlsx: File is not a zip file
2024-07-12 11:08:27,398 - ERROR - Erreur lors du traitement du fichier D:/$RECYCLE.BIN\S-1-5-21-3408200407-3560622608-3957178898-1002\$IL8GEMQ.xlsx: File is not a zip file
2024-07-12 11:08:27,398 - ERROR - Erreur lors du traitement du fichier D:/$RECYCLE.BIN\S-1-5-21-3408200407-3560622608-3957178898-1002\$I4LIBHZ.xlsx: File is not a zip file
2024-07-12 11:08:27,398 - ERROR - Erreur lors du traitement du fichier D:/$RECYCLE.BIN\S-1-5-21-3408200407-3560622608-3957178898-1002\$IDHCHEV.xlsx: File is not a zip file
2024-07-12 11:08:27,398 - ERROR - Erreur lors du traitement du fichier D:/$RECYCLE.BIN\S-1-5-21-3408200407-3560622608-3957178898-1002\$IH84R5R.xlsx: File is not a zip file
2024-07-12 11:08:27,398 - ERROR - Erreur lors du traitement du fichier D:/$RECYCLE.BIN\S-1-5-21-3408200407-3560622608-3957178898-1002\$IZIFEY8.xlsx: File is not a zip file
2024-07-12 11:08:27,398 - ERROR - Erreur lors du traitement du fichier D:/$RECYCLE.BIN\S-1-5-21-3408200407-3560622608-3957178898-1002\$IRRJA61.xlsx: File is not a zip file
2024-07-12 11:08:27,414 - ERROR - Erreur lors du traitement du fichier D:/$RECYCLE.BIN\S-1-5-21-3408200407-3560622608-3957178898-1002\$I74CYFL.xlsx: File is not a zip file
2024-07-12 11:08:27,414 - ERROR - Erreur lors du traitement du fichier D:/$RECYCLE.BIN\S-1-5-21-3408200407-3560622608-3957178898-1002\$IBMGYU6.xlsx: File is not a zip file
2024-07-12 11:19:09,032 - WARNING - === Starting the application
2024-07-12 11:19:13,706 - INFO - Folder selected
2024-07-12 11:19:38,436 - WARNING - === Starting the application
2024-07-12 11:19:44,005 - INFO - Folder selected
2024-07-12 11:19:44,661 - ERROR - Error while processing file ("D:/Relance_RH\\Ressource\\31 - sourcing\\2020\\RANARISON Manjato Nick - dev fullstack react js angular node js\\Fiche d'entretien_Ranarison Manjato Nick.xlsx", ['sourcing/2020/RANARISON Manjato Nick - dev fullstack react js angular node js', 'D:/Relance_RH/']): ExcelOperations.extract_information_from_excel() missing 1 required positional argument: 'regex'
2024-07-12 11:19:44,677 - ERROR - Error while processing file ("D:/Relance_RH\\Ressource\\31 - sourcing\\2020\\RANARISON Manjato Nick - dev fullstack react js angular node js\\Fiche d'entretien_Ranarison Manjato Nick (SFConflict laurent.gorsse@aprime.fr 2023-08-03-09-41-20).xlsx", ['sourcing/2020/RANARISON Manjato Nick - dev fullstack react js angular node js', 'D:/Relance_RH/']): ExcelOperations.extract_information_from_excel() missing 1 required positional argument: 'regex'
2024-07-12 11:19:44,677 - ERROR - Error while processing file ('D:/Relance_RH\\Ressource\\31 - sourcing\\2020\\PONAMA Prisca - analyste financiere junior\\XXX - fiche d_entretien Prisca.xlsx', ['sourcing/2020/PONAMA Prisca - analyste financiere junior', 'D:/Relance_RH/']): ExcelOperations.extract_information_from_excel() missing 1 required positional argument: 'regex'
2024-07-12 11:19:44,677 - ERROR - Error while processing file ("D:/Relance_RH\\Ressource\\31 - sourcing\\2023\\ABOUFARASSE Badr - Data scientist - analyst\\fiche d'entretien Badr ABOUFARASSE.xlsx", ['sourcing/2023/ABOUFARASSE Badr - Data scientist - analyst', 'D:/Relance_RH/']): ExcelOperations.extract_information_from_excel() missing 1 required positional argument: 'regex'
2024-07-12 11:19:44,677 - ERROR - Error while processing file ('D:/Relance_RH\\Ressource\\31 - sourcing\\2024\\PHAN Trung Thanh - Devops\\XXX - fiche d_entretien Trung Thanh.xlsx', ['sourcing/2024/PHAN Trung Thanh - Devops', 'D:/Relance_RH/']): ExcelOperations.extract_information_from_excel() missing 1 required positional argument: 'regex'
2024-07-12 11:19:44,677 - ERROR - Error while processing file ('D:/Relance_RH\\Ressource\\31 - sourcing\\2023\\AGBODAN Dédé Edwige - data analyst\\XXX - fiche d_entretien Dédé Edwige.xlsx', ['sourcing/2023/AGBODAN Dédé Edwige - data analyst', 'D:/Relance_RH/']): ExcelOperations.extract_information_from_excel() missing 1 required positional argument: 'regex'
2024-07-12 11:19:44,677 - ERROR - Error while processing file ('D:/Relance_RH\\Ressource\\31 - sourcing\\2020\\RADAOUI Anis - tech support helpdesk\\XXX - fiche d_entretien anis.xlsx', ['sourcing/2020/RADAOUI Anis - tech support helpdesk', 'D:/Relance_RH/']): ExcelOperations.extract_information_from_excel() missing 1 required positional argument: 'regex'
2024-07-12 11:19:44,677 - ERROR - Error while processing file ('D:/Relance_RH\\Ressource\\31 - sourcing\\2023\\ABRASSART Tomy - CDP cloud technico fonctionnel\\XXX - fiche d_entretien Tomy.xlsx', ['sourcing/2023/ABRASSART Tomy - CDP cloud technico fonctionnel', 'D:/Relance_RH/']): ExcelOperations.extract_information_from_excel() missing 1 required positional argument: 'regex'
2024-07-12 11:19:44,677 - ERROR - Error while processing file ('D:/Relance_RH\\Ressource\\31 - sourcing\\2024\\POMAR Denis - Chef de projet\\fiche d_entretien POMAR Denis.xlsx', ['sourcing/2024/POMAR Denis - Chef de projet', 'D:/Relance_RH/']): ExcelOperations.extract_information_from_excel() missing 1 required positional argument: 'regex'
2024-07-12 11:19:44,693 - ERROR - Error while processing file ("D:/Relance_RH\\Ressource\\31 - sourcing\\2024\\SATTARI Adel - dev .net\\Fiche d'entretien_SATTARI ADel.xlsx", ['sourcing/2024/SATTARI Adel - dev .net', 'D:/Relance_RH/']): ExcelOperations.extract_information_from_excel() missing 1 required positional argument: 'regex'
2024-07-12 11:19:44,693 - ERROR - Error while processing file ("D:/Relance_RH\\Ressource\\31 - sourcing\\2024\\SARR Diamé - dev vuejs\\Fiche d'entretien_ Sarr Diamé.xlsx", ['sourcing/2024/SARR Diamé - dev vuejs', 'D:/Relance_RH/']): ExcelOperations.extract_information_from_excel() missing 1 required positional argument: 'regex'
2024-07-12 11:19:46,235 - ERROR - No files found in the selected folder
2024-07-12 11:19:54,193 - INFO - Folder selected
2024-07-12 11:19:54,814 - ERROR - Error while processing file ("D:/Relance_RH\\Ressource\\31 - sourcing\\2020\\RANARISON Manjato Nick - dev fullstack react js angular node js\\Fiche d'entretien_Ranarison Manjato Nick (SFConflict laurent.gorsse@aprime.fr 2023-08-03-09-41-20).xlsx", ['sourcing/2020/RANARISON Manjato Nick - dev fullstack react js angular node js', 'D:/Relance_RH/']): ExcelOperations.extract_information_from_excel() missing 1 required positional argument: 'regex'
2024-07-12 11:19:54,814 - ERROR - Error while processing file ('D:/Relance_RH\\Ressource\\31 - sourcing\\2020\\RADAOUI Anis - tech support helpdesk\\XXX - fiche d_entretien anis.xlsx', ['sourcing/2020/RADAOUI Anis - tech support helpdesk', 'D:/Relance_RH/']): ExcelOperations.extract_information_from_excel() missing 1 required positional argument: 'regex'
2024-07-12 11:19:54,814 - ERROR - Error while processing file ('D:/Relance_RH\\Ressource\\31 - sourcing\\2020\\PONAMA Prisca - analyste financiere junior\\XXX - fiche d_entretien Prisca.xlsx', ['sourcing/2020/PONAMA Prisca - analyste financiere junior', 'D:/Relance_RH/']): ExcelOperations.extract_information_from_excel() missing 1 required positional argument: 'regex'
2024-07-12 11:19:54,814 - ERROR - Error while processing file ("D:/Relance_RH\\Ressource\\31 - sourcing\\2020\\RANARISON Manjato Nick - dev fullstack react js angular node js\\Fiche d'entretien_Ranarison Manjato Nick.xlsx", ['sourcing/2020/RANARISON Manjato Nick - dev fullstack react js angular node js', 'D:/Relance_RH/']): ExcelOperations.extract_information_from_excel() missing 1 required positional argument: 'regex'
2024-07-12 11:19:54,829 - ERROR - Error while processing file ('D:/Relance_RH\\Ressource\\31 - sourcing\\2023\\AGBODAN Dédé Edwige - data analyst\\XXX - fiche d_entretien Dédé Edwige.xlsx', ['sourcing/2023/AGBODAN Dédé Edwige - data analyst', 'D:/Relance_RH/']): ExcelOperations.extract_information_from_excel() missing 1 required positional argument: 'regex'
2024-07-12 11:19:54,829 - ERROR - Error while processing file ('D:/Relance_RH\\Ressource\\31 - sourcing\\2023\\ABRASSART Tomy - CDP cloud technico fonctionnel\\XXX - fiche d_entretien Tomy.xlsx', ['sourcing/2023/ABRASSART Tomy - CDP cloud technico fonctionnel', 'D:/Relance_RH/']): ExcelOperations.extract_information_from_excel() missing 1 required positional argument: 'regex'
2024-07-12 11:19:54,829 - ERROR - Error while processing file ("D:/Relance_RH\\Ressource\\31 - sourcing\\2023\\ABOUFARASSE Badr - Data scientist - analyst\\fiche d'entretien Badr ABOUFARASSE.xlsx", ['sourcing/2023/ABOUFARASSE Badr - Data scientist - analyst', 'D:/Relance_RH/']): ExcelOperations.extract_information_from_excel() missing 1 required positional argument: 'regex'
2024-07-12 11:19:54,829 - ERROR - Error while processing file ("D:/Relance_RH\\Ressource\\31 - sourcing\\2024\\SARR Diamé - dev vuejs\\Fiche d'entretien_ Sarr Diamé.xlsx", ['sourcing/2024/SARR Diamé - dev vuejs', 'D:/Relance_RH/']): ExcelOperations.extract_information_from_excel() missing 1 required positional argument: 'regex'
2024-07-12 11:19:54,829 - ERROR - Error while processing file ("D:/Relance_RH\\Ressource\\31 - sourcing\\2024\\SATTARI Adel - dev .net\\Fiche d'entretien_SATTARI ADel.xlsx", ['sourcing/2024/SATTARI Adel - dev .net', 'D:/Relance_RH/']): ExcelOperations.extract_information_from_excel() missing 1 required positional argument: 'regex'
2024-07-12 11:19:54,829 - ERROR - Error while processing file ('D:/Relance_RH\\Ressource\\31 - sourcing\\2024\\PHAN Trung Thanh - Devops\\XXX - fiche d_entretien Trung Thanh.xlsx', ['sourcing/2024/PHAN Trung Thanh - Devops', 'D:/Relance_RH/']): ExcelOperations.extract_information_from_excel() missing 1 required positional argument: 'regex'
2024-07-12 11:19:54,829 - ERROR - Error while processing file ('D:/Relance_RH\\Ressource\\31 - sourcing\\2024\\POMAR Denis - Chef de projet\\fiche d_entretien POMAR Denis.xlsx', ['sourcing/2024/POMAR Denis - Chef de projet', 'D:/Relance_RH/']): ExcelOperations.extract_information_from_excel() missing 1 required positional argument: 'regex'
2024-07-12 11:19:56,464 - ERROR - No files found in the selected folder
2024-07-12 11:20:20,919 - WARNING - === Starting the application
2024-07-12 11:20:24,646 - INFO - Folder selected
2024-07-12 11:20:25,296 - ERROR - Error while processing file ('D:/Relance_RH\\Ressource\\31 - sourcing\\2020\\PONAMA Prisca - analyste financiere junior\\XXX - fiche d_entretien Prisca.xlsx', ['sourcing/2020/PONAMA Prisca - analyste financiere junior', 'D:/Relance_RH/']): ExcelOperations.extract_information_from_excel() missing 1 required positional argument: 'regex'
2024-07-12 11:20:25,297 - ERROR - Error while processing file ('D:/Relance_RH\\Ressource\\31 - sourcing\\2020\\RADAOUI Anis - tech support helpdesk\\XXX - fiche d_entretien anis.xlsx', ['sourcing/2020/RADAOUI Anis - tech support helpdesk', 'D:/Relance_RH/']): ExcelOperations.extract_information_from_excel() missing 1 required positional argument: 'regex'
2024-07-12 11:20:25,299 - ERROR - Error while processing file ("D:/Relance_RH\\Ressource\\31 - sourcing\\2020\\RANARISON Manjato Nick - dev fullstack react js angular node js\\Fiche d'entretien_Ranarison Manjato Nick (SFConflict laurent.gorsse@aprime.fr 2023-08-03-09-41-20).xlsx", ['sourcing/2020/RANARISON Manjato Nick - dev fullstack react js angular node js', 'D:/Relance_RH/']): ExcelOperations.extract_information_from_excel() missing 1 required positional argument: 'regex'
2024-07-12 11:20:25,300 - ERROR - Error while processing file ("D:/Relance_RH\\Ressource\\31 - sourcing\\2023\\ABOUFARASSE Badr - Data scientist - analyst\\fiche d'entretien Badr ABOUFARASSE.xlsx", ['sourcing/2023/ABOUFARASSE Badr - Data scientist - analyst', 'D:/Relance_RH/']): ExcelOperations.extract_information_from_excel() missing 1 required positional argument: 'regex'
2024-07-12 11:20:25,300 - ERROR - Error while processing file ('D:/Relance_RH\\Ressource\\31 - sourcing\\2023\\AGBODAN Dédé Edwige - data analyst\\XXX - fiche d_entretien Dédé Edwige.xlsx', ['sourcing/2023/AGBODAN Dédé Edwige - data analyst', 'D:/Relance_RH/']): ExcelOperations.extract_information_from_excel() missing 1 required positional argument: 'regex'
2024-07-12 11:20:25,301 - ERROR - Error while processing file ("D:/Relance_RH\\Ressource\\31 - sourcing\\2020\\RANARISON Manjato Nick - dev fullstack react js angular node js\\Fiche d'entretien_Ranarison Manjato Nick.xlsx", ['sourcing/2020/RANARISON Manjato Nick - dev fullstack react js angular node js', 'D:/Relance_RH/']): ExcelOperations.extract_information_from_excel() missing 1 required positional argument: 'regex'
2024-07-12 11:20:25,301 - ERROR - Error while processing file ('D:/Relance_RH\\Ressource\\31 - sourcing\\2023\\ABRASSART Tomy - CDP cloud technico fonctionnel\\XXX - fiche d_entretien Tomy.xlsx', ['sourcing/2023/ABRASSART Tomy - CDP cloud technico fonctionnel', 'D:/Relance_RH/']): ExcelOperations.extract_information_from_excel() missing 1 required positional argument: 'regex'
2024-07-12 11:20:25,302 - ERROR - Error while processing file ('D:/Relance_RH\\Ressource\\31 - sourcing\\2024\\PHAN Trung Thanh - Devops\\XXX - fiche d_entretien Trung Thanh.xlsx', ['sourcing/2024/PHAN Trung Thanh - Devops', 'D:/Relance_RH/']): ExcelOperations.extract_information_from_excel() missing 1 required positional argument: 'regex'
2024-07-12 11:20:25,302 - ERROR - Error while processing file ('D:/Relance_RH\\Ressource\\31 - sourcing\\2024\\POMAR Denis - Chef de projet\\fiche d_entretien POMAR Denis.xlsx', ['sourcing/2024/POMAR Denis - Chef de projet', 'D:/Relance_RH/']): ExcelOperations.extract_information_from_excel() missing 1 required positional argument: 'regex'
2024-07-12 11:20:25,303 - ERROR - Error while processing file ("D:/Relance_RH\\Ressource\\31 - sourcing\\2024\\SATTARI Adel - dev .net\\Fiche d'entretien_SATTARI ADel.xlsx", ['sourcing/2024/SATTARI Adel - dev .net', 'D:/Relance_RH/']): ExcelOperations.extract_information_from_excel() missing 1 required positional argument: 'regex'
2024-07-12 11:20:25,303 - ERROR - Error while processing file ("D:/Relance_RH\\Ressource\\31 - sourcing\\2024\\SARR Diamé - dev vuejs\\Fiche d'entretien_ Sarr Diamé.xlsx", ['sourcing/2024/SARR Diamé - dev vuejs', 'D:/Relance_RH/']): ExcelOperations.extract_information_from_excel() missing 1 required positional argument: 'regex'
2024-07-12 11:20:26,549 - ERROR - No files found in the selected folder
2024-07-12 11:22:03,294 - WARNING - === Starting the application
2024-07-12 11:22:07,506 - INFO - Folder selected
2024-07-12 11:22:08,129 - ERROR - Error while processing file ("D:/Relance_RH\\Ressource\\31 - sourcing\\2020\\RANARISON Manjato Nick - dev fullstack react js angular node js\\Fiche d'entretien_Ranarison Manjato Nick.xlsx", ['sourcing/2020/RANARISON Manjato Nick - dev fullstack react js angular node js', 'D:/Relance_RH/']): ExcelOperations.extract_information_from_excel() missing 1 required positional argument: 'regex'
2024-07-12 11:22:08,129 - ERROR - Error while processing file ('D:/Relance_RH\\Ressource\\31 - sourcing\\2020\\PONAMA Prisca - analyste financiere junior\\XXX - fiche d_entretien Prisca.xlsx', ['sourcing/2020/PONAMA Prisca - analyste financiere junior', 'D:/Relance_RH/']): ExcelOperations.extract_information_from_excel() missing 1 required positional argument: 'regex'
2024-07-12 11:22:08,131 - ERROR - Error while processing file ("D:/Relance_RH\\Ressource\\31 - sourcing\\2020\\RANARISON Manjato Nick - dev fullstack react js angular node js\\Fiche d'entretien_Ranarison Manjato Nick (SFConflict laurent.gorsse@aprime.fr 2023-08-03-09-41-20).xlsx", ['sourcing/2020/RANARISON Manjato Nick - dev fullstack react js angular node js', 'D:/Relance_RH/']): ExcelOperations.extract_information_from_excel() missing 1 required positional argument: 'regex'
2024-07-12 11:22:08,131 - ERROR - Error while processing file ('D:/Relance_RH\\Ressource\\31 - sourcing\\2020\\RADAOUI Anis - tech support helpdesk\\XXX - fiche d_entretien anis.xlsx', ['sourcing/2020/RADAOUI Anis - tech support helpdesk', 'D:/Relance_RH/']): ExcelOperations.extract_information_from_excel() missing 1 required positional argument: 'regex'
2024-07-12 11:22:08,132 - ERROR - Error while processing file ('D:/Relance_RH\\Ressource\\31 - sourcing\\2023\\AGBODAN Dédé Edwige - data analyst\\XXX - fiche d_entretien Dédé Edwige.xlsx', ['sourcing/2023/AGBODAN Dédé Edwige - data analyst', 'D:/Relance_RH/']): ExcelOperations.extract_information_from_excel() missing 1 required positional argument: 'regex'
2024-07-12 11:22:08,133 - ERROR - Error while processing file ('D:/Relance_RH\\Ressource\\31 - sourcing\\2023\\ABRASSART Tomy - CDP cloud technico fonctionnel\\XXX - fiche d_entretien Tomy.xlsx', ['sourcing/2023/ABRASSART Tomy - CDP cloud technico fonctionnel', 'D:/Relance_RH/']): ExcelOperations.extract_information_from_excel() missing 1 required positional argument: 'regex'
2024-07-12 11:22:08,133 - ERROR - Error while processing file ("D:/Relance_RH\\Ressource\\31 - sourcing\\2023\\ABOUFARASSE Badr - Data scientist - analyst\\fiche d'entretien Badr ABOUFARASSE.xlsx", ['sourcing/2023/ABOUFARASSE Badr - Data scientist - analyst', 'D:/Relance_RH/']): ExcelOperations.extract_information_from_excel() missing 1 required positional argument: 'regex'
2024-07-12 11:22:08,134 - ERROR - Error while processing file ('D:/Relance_RH\\Ressource\\31 - sourcing\\2024\\PHAN Trung Thanh - Devops\\XXX - fiche d_entretien Trung Thanh.xlsx', ['sourcing/2024/PHAN Trung Thanh - Devops', 'D:/Relance_RH/']): ExcelOperations.extract_information_from_excel() missing 1 required positional argument: 'regex'
2024-07-12 11:22:08,134 - ERROR - Error while processing file ('D:/Relance_RH\\Ressource\\31 - sourcing\\2024\\POMAR Denis - Chef de projet\\fiche d_entretien POMAR Denis.xlsx', ['sourcing/2024/POMAR Denis - Chef de projet', 'D:/Relance_RH/']): ExcelOperations.extract_information_from_excel() missing 1 required positional argument: 'regex'
2024-07-12 11:22:08,135 - ERROR - Error while processing file ("D:/Relance_RH\\Ressource\\31 - sourcing\\2024\\SARR Diamé - dev vuejs\\Fiche d'entretien_ Sarr Diamé.xlsx", ['sourcing/2024/SARR Diamé - dev vuejs', 'D:/Relance_RH/']): ExcelOperations.extract_information_from_excel() missing 1 required positional argument: 'regex'
2024-07-12 11:22:08,135 - ERROR - Error while processing file ("D:/Relance_RH\\Ressource\\31 - sourcing\\2024\\SATTARI Adel - dev .net\\Fiche d'entretien_SATTARI ADel.xlsx", ['sourcing/2024/SATTARI Adel - dev .net', 'D:/Relance_RH/']): ExcelOperations.extract_information_from_excel() missing 1 required positional argument: 'regex'
2024-07-12 11:22:09,267 - ERROR - No files found in the selected folder
2024-07-12 11:23:42,017 - WARNING - === Starting the application
2024-07-12 11:23:45,353 - INFO - Folder selected
2024-07-12 11:23:48,860 - INFO - Files processed successfully
2024-07-12 11:23:53,334 - INFO - Data saved successfully
2024-07-12 11:23:55,247 - INFO - Opened file D:/Relance_RH/relance-07-24.xlsx successfully
2024-07-12 11:24:36,543 - WARNING - === Starting the application
2024-07-12 11:24:40,533 - INFO - Folder selected
2024-07-12 11:24:41,589 - ERROR - Error permision 
2024-07-12 11:27:18,306 - WARNING - === Starting the application
2024-07-12 11:27:22,465 - INFO - Folder selected
2024-07-12 11:27:23,537 - ERROR - Error permision 
2024-07-12 11:27:34,012 - ERROR - Erreur lors du traitement du fichier D:/Relance_RH\Ressource\31 - sourcing\2020\RADAOUI Anis - tech support helpdesk\XXX - fiche d_entretien anis.xlsx: 're.Match' object has no attribute 'rfind'
2024-07-12 11:29:00,392 - WARNING - === Starting the application
2024-07-12 11:29:04,049 - INFO - Folder selected
2024-07-12 11:29:05,139 - ERROR - Error permision 
2024-07-12 11:32:57,387 - WARNING - === Starting the application
2024-07-12 11:33:02,068 - INFO - Folder selected
2024-07-12 11:33:03,123 - ERROR - Error permision 
2024-07-12 11:35:26,537 - WARNING - === Starting the application
2024-07-12 11:35:30,380 - INFO - Folder selected
2024-07-12 11:35:31,472 - ERROR - Error permision 
2024-07-12 11:35:34,145 - INFO - Files processed successfully
2024-07-12 11:35:40,520 - INFO - Data saved successfully
2024-07-12 11:35:49,245 - INFO - Opened file D:/Relance_RH/BBrelance-07-24.xlsx successfully
2024-07-12 11:36:25,513 - WARNING - === Starting the application
2024-07-12 11:36:30,755 - INFO - Folder selected
2024-07-12 11:37:24,614 - WARNING - === Starting the application
2024-07-12 11:37:28,567 - INFO - Folder selected
2024-07-12 11:37:34,068 - INFO - Files processed successfully
2024-07-12 11:37:36,946 - INFO - Data saved successfully
2024-07-12 11:37:39,055 - INFO - Opened file D:/Relance_RH/relance-07-24.xlsx successfully
2024-07-12 11:37:54,612 - WARNING - === Starting the application
2024-07-12 11:38:06,286 - INFO - Folder selected
2024-07-12 11:38:10,230 - INFO - Files processed successfully
2024-07-12 11:38:11,777 - INFO - Data saved successfully
2024-07-12 11:38:13,932 - INFO - Opened file D:/Relance_RH/relance-07-24.xlsx successfully
2024-07-12 11:38:51,347 - WARNING - === Starting the application
2024-07-12 11:38:56,349 - INFO - Folder selected
2024-07-12 11:38:59,833 - INFO - Files processed successfully
2024-07-12 11:39:29,893 - WARNING - === Starting the application
2024-07-12 11:39:38,068 - INFO - Folder selected
2024-07-12 11:39:41,066 - INFO - Files processed successfully
2024-07-12 11:39:43,193 - INFO - Data saved successfully
2024-07-12 11:39:45,256 - INFO - Opened file D:/Relance_RH/Ressource/relance-07-24.xlsx successfully
2024-07-12 11:39:57,224 - INFO - Folder selected
2024-07-12 11:40:00,110 - INFO - Files processed successfully
2024-07-12 11:40:02,330 - INFO - Data saved successfully
2024-07-12 11:40:05,263 - INFO - Opened file D:/Relance_RH/Ressource/31 - sourcing/2020/relance-07-24.xlsx successfully
2024-07-12 11:40:21,911 - INFO - Folder selected
2024-07-12 11:40:25,561 - INFO - Files processed successfully
2024-07-12 11:40:28,209 - INFO - Data saved successfully
2024-07-12 11:40:30,015 - INFO - Opened file D:/Relance_RH/relance-07-24.xlsx successfully
2024-07-12 11:40:38,286 - INFO - Folder selected
2024-07-12 11:40:41,552 - INFO - Files processed successfully
2024-07-12 11:40:51,177 - INFO - Folder selected
2024-07-12 11:40:54,318 - INFO - Files processed successfully
2024-07-12 11:40:56,190 - INFO - Data saved successfully
2024-07-12 11:40:58,009 - INFO - Opened file D:/Relance_RH/Ressource/31 - sourcing/relance-07-24.xlsx successfully
2024-07-12 11:41:09,949 - ERROR - No folder selected
